\BOOKMARK [0][]{chapter*.5}{List of Figures}{}% 1
\BOOKMARK [0][]{chapter*.6}{List of Tables}{}% 2
\BOOKMARK [0][]{chapter.1}{1 Introducci\363n}{}% 3
\BOOKMARK [1][]{section.1.1}{1.1 Presentaci\363n}{chapter.1}% 4
\BOOKMARK [1][]{section.1.2}{1.2 Objetivo}{chapter.1}% 5
\BOOKMARK [2][]{subsection.1.2.1}{1.2.1 Objetivos espec\355ficos}{section.1.2}% 6
\BOOKMARK [1][]{section.1.3}{1.3 Alcance}{chapter.1}% 7
\BOOKMARK [1][]{section.1.4}{1.4 Justificaci\363n}{chapter.1}% 8
\BOOKMARK [1][]{section.1.5}{1.5 Planteamiento del problema}{chapter.1}% 9
\BOOKMARK [1][]{section.1.6}{1.6 Metodolog\355a}{chapter.1}% 10
\BOOKMARK [1][]{section.1.7}{1.7 Contribuciones}{chapter.1}% 11
\BOOKMARK [1][]{section.1.8}{1.8 Estructura de la tesis}{chapter.1}% 12
\BOOKMARK [0][]{chapter.2}{2 Marco te\363rico}{}% 13
\BOOKMARK [1][]{section.2.1}{2.1 La Gesti\363n de Inventarios}{chapter.2}% 14
\BOOKMARK [1][]{section.2.2}{2.2 Clasificaci\363n de Inventarios}{chapter.2}% 15
\BOOKMARK [1][]{section.2.3}{2.3 Organizaci\363n de Inventarios}{chapter.2}% 16
\BOOKMARK [1][]{section.2.4}{2.4 Pasos para realizar un inventario}{chapter.2}% 17
\BOOKMARK [1][]{section.2.5}{2.5 El producto}{chapter.2}% 18
\BOOKMARK [2][]{subsection.2.5.1}{2.5.1 Precio y costo del producto}{section.2.5}% 19
\BOOKMARK [2][]{subsection.2.5.2}{2.5.2 C\363digo de barras}{section.2.5}% 20
\BOOKMARK [2][]{subsection.2.5.3}{2.5.3 Uso del c\363digo de barras}{section.2.5}% 21
\BOOKMARK [0][]{chapter.3}{3 Dise\361o del experimento}{}% 22
\BOOKMARK [1][]{section.3.1}{3.1 Secci\363n}{chapter.3}% 23
\BOOKMARK [1][]{section.3.2}{3.2 Secci\363n en color azul}{chapter.3}% 24
\BOOKMARK [2][]{subsection.3.2.1}{3.2.1 Subsecci\363n}{section.3.2}% 25
\BOOKMARK [2][]{subsection.3.2.2}{3.2.2 Otra subsecci\363n}{section.3.2}% 26
\BOOKMARK [0][]{chapter.4}{4 DESARROLLO DEL PROYECTO}{}% 27
\BOOKMARK [1][]{section.4.1}{4.1 PROTOTIPO}{chapter.4}% 28
\BOOKMARK [0][]{chapter.5}{5 Conclusiones}{}% 29
\BOOKMARK [0][]{appendix.A}{A C\363digo/Manuales/Publicaciones}{}% 30
\BOOKMARK [1][]{section.A.1}{A.1 Ap\351ndice}{appendix.A}% 31
\BOOKMARK [0][]{appendix*.9}{Bibliography}{}% 32
